  Button.cpp
  ButtonMenu.cpp
  GuiElement.cpp
  TileArtGui.cpp
C:\Users\Maria\Projects\TileArt\TileArt\TileGridView.h(41,29): warning C4305: 'initializing': truncation from 'double' to 'const float'
C:\Users\Maria\Projects\TileArt\TileArt\TileArtGui.cpp(8,27): warning C4244: '=': conversion from 'double' to 'float', possible loss of data
C:\Users\Maria\Projects\TileArt\TileArt\TileArtGui.cpp(44,55): warning C4244: 'argument': conversion from 'unsigned int' to 'T', possible loss of data
          with
          [
              T=float
          ]
C:\Users\Maria\Projects\TileArt\TileArt\TileArtGui.cpp(44,37): warning C4244: 'argument': conversion from 'unsigned int' to 'T', possible loss of data
          with
          [
              T=float
          ]
  TileGridView.cpp
C:\Users\Maria\Projects\TileArt\TileArt\TileGridView.h(41,29): warning C4305: 'initializing': truncation from 'double' to 'const float'
C:\Users\Maria\Projects\TileArt\TileArt\TileGridView.cpp(11,16): warning C4244: '=': conversion from 'int' to 'float', possible loss of data
C:\Users\Maria\Projects\TileArt\TileArt\TileGridView.cpp(53,15): warning C4244: '=': conversion from 'double' to 'float', possible loss of data
C:\Users\Maria\Projects\TileArt\TileArt\TileGridView.cpp(63,15): warning C4244: '=': conversion from 'double' to 'float', possible loss of data
  TileGrid.cpp
C:\Users\Maria\Projects\TileArt\TileArt\TileGrid.cpp(3,109): warning C4244: 'argument': conversion from 'int' to 'float', possible loss of data
C:\Users\Maria\Projects\TileArt\TileArt\TileGrid.cpp(3,99): warning C4244: 'argument': conversion from 'int' to 'float', possible loss of data
C:\Users\Maria\Projects\TileArt\TileArt\TileGrid.cpp(10,58): warning C4244: 'argument': conversion from 'int' to 'T', possible loss of data
          with
          [
              T=float
          ]
C:\Users\Maria\Projects\TileArt\TileArt\TileGrid.cpp(10,56): warning C4244: 'argument': conversion from 'int' to 'T', possible loss of data
          with
          [
              T=float
          ]
C:\Users\Maria\Projects\TileArt\TileArt\TileGrid.cpp(11,59): warning C4244: 'argument': conversion from 'int' to 'T', possible loss of data
          with
          [
              T=float
          ]
C:\Users\Maria\Projects\TileArt\TileArt\TileGrid.cpp(11,56): warning C4244: 'argument': conversion from 'int' to 'T', possible loss of data
          with
          [
              T=float
          ]
C:\Users\Maria\Projects\TileArt\TileArt\TileGrid.cpp(12,57): warning C4244: 'argument': conversion from 'int' to 'float', possible loss of data
C:\Users\Maria\Projects\TileArt\TileArt\TileGrid.cpp(13,52): warning C4244: 'argument': conversion from 'int' to 'float', possible loss of data
C:\Users\Maria\Projects\TileArt\TileArt\TileGrid.cpp(116,65): warning C4244: 'argument': conversion from 'int' to 'T', possible loss of data
          with
          [
              T=float
          ]
C:\Users\Maria\Projects\TileArt\TileArt\TileGrid.cpp(116,62): warning C4244: 'argument': conversion from 'int' to 'T', possible loss of data
          with
          [
              T=float
          ]
C:\Users\Maria\Projects\TileArt\TileArt\TileGrid.cpp(167,22): warning C4244: 'argument': conversion from 'float' to 'unsigned int', possible loss of data
C:\Users\Maria\Projects\TileArt\TileArt\TileGrid.cpp(167,19): warning C4244: 'argument': conversion from 'float' to 'unsigned int', possible loss of data
C:\Users\Maria\Projects\TileArt\TileArt\TileGrid.cpp(178,9): warning C4244: 'return': conversion from 'double' to 'int', possible loss of data
C:\Users\Maria\Projects\TileArt\TileArt\TileGrid.cpp(186,8): warning C4244: 'initializing': conversion from 'T' to 'int', possible loss of data
          with
          [
              T=float
          ]
C:\Users\Maria\Projects\TileArt\TileArt\TileGrid.cpp(187,8): warning C4244: 'initializing': conversion from 'T' to 'int', possible loss of data
          with
          [
              T=float
          ]
C:\Users\Maria\Projects\TileArt\TileArt\TileGrid.cpp(197,49): warning C4244: 'argument': conversion from 'int' to 'T', possible loss of data
          with
          [
              T=float
          ]
C:\Users\Maria\Projects\TileArt\TileArt\TileGrid.cpp(197,42): warning C4244: 'argument': conversion from 'int' to 'T', possible loss of data
          with
          [
              T=float
          ]
C:\Users\Maria\Projects\TileArt\TileArt\TileGrid.cpp(198,57): warning C4244: 'argument': conversion from 'int' to 'T', possible loss of data
          with
          [
              T=float
          ]
C:\Users\Maria\Projects\TileArt\TileArt\TileGrid.cpp(198,50): warning C4244: 'argument': conversion from 'int' to 'T', possible loss of data
          with
          [
              T=float
          ]
C:\Users\Maria\Projects\TileArt\TileArt\TileGrid.cpp(199,61): warning C4244: 'argument': conversion from 'int' to 'T', possible loss of data
          with
          [
              T=float
          ]
C:\Users\Maria\Projects\TileArt\TileArt\TileGrid.cpp(199,50): warning C4244: 'argument': conversion from 'int' to 'T', possible loss of data
          with
          [
              T=float
          ]
C:\Users\Maria\Projects\TileArt\TileArt\TileGrid.cpp(200,57): warning C4244: 'argument': conversion from 'int' to 'T', possible loss of data
          with
          [
              T=float
          ]
C:\Users\Maria\Projects\TileArt\TileArt\TileGrid.cpp(200,46): warning C4244: 'argument': conversion from 'int' to 'T', possible loss of data
          with
          [
              T=float
          ]
C:\Users\Maria\Projects\TileArt\TileArt\TileGrid.cpp(223,34): warning C4244: 'argument': conversion from 'int' to 'T', possible loss of data
          with
          [
              T=float
          ]
C:\Users\Maria\Projects\TileArt\TileArt\TileGrid.cpp(222,53): warning C4244: 'argument': conversion from 'int' to 'T', possible loss of data
          with
          [
              T=float
          ]
C:\Users\Maria\Projects\TileArt\TileArt\TileGrid.cpp(240,65): warning C4244: 'argument': conversion from 'int' to 'T', possible loss of data
          with
          [
              T=float
          ]
C:\Users\Maria\Projects\TileArt\TileArt\TileGrid.cpp(240,62): warning C4244: 'argument': conversion from 'int' to 'T', possible loss of data
          with
          [
              T=float
          ]
  TileMap.cpp
C:\Users\Maria\Projects\TileArt\TileArt\TileMap.cpp(20,11): warning C4244: 'initializing': conversion from 'double' to 'int', possible loss of data
C:\Users\Maria\Projects\TileArt\TileArt\TileMap.cpp(21,11): warning C4244: 'initializing': conversion from 'double' to 'int', possible loss of data
C:\Users\Maria\Projects\TileArt\TileArt\TileMap.cpp(35,53): warning C4244: 'argument': conversion from 'int' to 'T', possible loss of data
          with
          [
              T=float
          ]
C:\Users\Maria\Projects\TileArt\TileArt\TileMap.cpp(35,42): warning C4244: 'argument': conversion from 'int' to 'T', possible loss of data
          with
          [
              T=float
          ]
C:\Users\Maria\Projects\TileArt\TileArt\TileMap.cpp(36,61): warning C4244: 'argument': conversion from 'int' to 'T', possible loss of data
          with
          [
              T=float
          ]
C:\Users\Maria\Projects\TileArt\TileArt\TileMap.cpp(36,56): warning C4244: 'argument': conversion from 'int' to 'T', possible loss of data
          with
          [
              T=float
          ]
C:\Users\Maria\Projects\TileArt\TileArt\TileMap.cpp(37,71): warning C4244: 'argument': conversion from 'int' to 'T', possible loss of data
          with
          [
              T=float
          ]
C:\Users\Maria\Projects\TileArt\TileArt\TileMap.cpp(37,56): warning C4244: 'argument': conversion from 'int' to 'T', possible loss of data
          with
          [
              T=float
          ]
C:\Users\Maria\Projects\TileArt\TileArt\TileMap.cpp(38,67): warning C4244: 'argument': conversion from 'int' to 'T', possible loss of data
          with
          [
              T=float
          ]
C:\Users\Maria\Projects\TileArt\TileArt\TileMap.cpp(38,46): warning C4244: 'argument': conversion from 'int' to 'T', possible loss of data
          with
          [
              T=float
          ]
C:\Users\Maria\Projects\TileArt\TileArt\TileMap.cpp(53,32): warning C4018: '<': signed/unsigned mismatch
C:\Users\Maria\Projects\TileArt\TileArt\TileMap.cpp(54,36): warning C4018: '<': signed/unsigned mismatch
C:\Users\Maria\Projects\TileArt\TileArt\TileMap.cpp(55,58): warning C4244: 'argument': conversion from 'unsigned int' to 'T', possible loss of data
          with
          [
              T=float
          ]
C:\Users\Maria\Projects\TileArt\TileArt\TileMap.cpp(55,51): warning C4244: 'argument': conversion from 'unsigned int' to 'T', possible loss of data
          with
          [
              T=float
          ]
C:\Users\Maria\Projects\TileArt\TileArt\TileMap.cpp(56,66): warning C4244: 'argument': conversion from 'unsigned int' to 'T', possible loss of data
          with
          [
              T=float
          ]
C:\Users\Maria\Projects\TileArt\TileArt\TileMap.cpp(56,59): warning C4244: 'argument': conversion from 'unsigned int' to 'T', possible loss of data
          with
          [
              T=float
          ]
C:\Users\Maria\Projects\TileArt\TileArt\TileMap.cpp(57,70): warning C4244: 'argument': conversion from 'unsigned int' to 'T', possible loss of data
          with
          [
              T=float
          ]
C:\Users\Maria\Projects\TileArt\TileArt\TileMap.cpp(57,59): warning C4244: 'argument': conversion from 'unsigned int' to 'T', possible loss of data
          with
          [
              T=float
          ]
C:\Users\Maria\Projects\TileArt\TileArt\TileMap.cpp(58,66): warning C4244: 'argument': conversion from 'unsigned int' to 'T', possible loss of data
          with
          [
              T=float
          ]
C:\Users\Maria\Projects\TileArt\TileArt\TileMap.cpp(58,55): warning C4244: 'argument': conversion from 'unsigned int' to 'T', possible loss of data
          with
          [
              T=float
          ]
  main.cpp
C:\Users\Maria\Projects\TileArt\TileArt\main.cpp(3,10): fatal error C1083: Cannot open include file: 'boost/program_options.hpp': No such file or directory
  TilePicker.cpp
C:\Users\Maria\Projects\TileArt\TileArt\TilePicker.cpp(11,46): warning C4244: 'argument': conversion from 'int' to 'T', possible loss of data
          with
          [
              T=float
          ]
C:\Users\Maria\Projects\TileArt\TileArt\TilePicker.cpp(11,44): warning C4244: 'argument': conversion from 'int' to 'T', possible loss of data
          with
          [
              T=float
          ]
  ViewLayout.cpp
C:\Users\Maria\Projects\TileArt\TileArt\TileGridView.h(41,29): warning C4305: 'initializing': truncation from 'double' to 'const float'
