C:\Program Files (x86)\Microsoft Visual Studio\2019\Community\MSBuild\Microsoft\VC\v160\Microsoft.CppBuild.targets(467,5): warning MSB8028: The intermediate directory (Debug\) contains files shared from another project (TileEditor.vcxproj).  This can lead to incorrect clean and rebuild behavior.
  TileGrid.cpp
C:\Users\Maria\Projects\TileArt\TileArt\TileGrid.cpp(3,109): warning C4244: 'argument': conversion from 'int' to 'float', possible loss of data
C:\Users\Maria\Projects\TileArt\TileArt\TileGrid.cpp(3,99): warning C4244: 'argument': conversion from 'int' to 'float', possible loss of data
C:\Users\Maria\Projects\TileArt\TileArt\TileGrid.cpp(10,58): warning C4244: 'argument': conversion from 'int' to 'T', possible loss of data
          with
          [
              T=float
          ]
C:\Users\Maria\Projects\TileArt\TileArt\TileGrid.cpp(10,56): warning C4244: 'argument': conversion from 'int' to 'T', possible loss of data
          with
          [
              T=float
          ]
C:\Users\Maria\Projects\TileArt\TileArt\TileGrid.cpp(11,59): warning C4244: 'argument': conversion from 'int' to 'T', possible loss of data
          with
          [
              T=float
          ]
C:\Users\Maria\Projects\TileArt\TileArt\TileGrid.cpp(11,56): warning C4244: 'argument': conversion from 'int' to 'T', possible loss of data
          with
          [
              T=float
          ]
C:\Users\Maria\Projects\TileArt\TileArt\TileGrid.cpp(102,38): warning C4244: 'argument': conversion from 'int' to 'T', possible loss of data
          with
          [
              T=float
          ]
C:\Users\Maria\Projects\TileArt\TileArt\TileGrid.cpp(101,53): warning C4244: 'argument': conversion from 'int' to 'T', possible loss of data
          with
          [
              T=float
          ]
C:\Users\Maria\Projects\TileArt\TileArt\TileGrid.cpp(160,65): warning C4244: 'argument': conversion from 'int' to 'T', possible loss of data
          with
          [
              T=float
          ]
C:\Users\Maria\Projects\TileArt\TileArt\TileGrid.cpp(160,62): warning C4244: 'argument': conversion from 'int' to 'T', possible loss of data
          with
          [
              T=float
          ]
C:\Users\Maria\Projects\TileArt\TileArt\TileGrid.cpp(186,65): warning C4244: 'argument': conversion from 'int' to 'T', possible loss of data
          with
          [
              T=float
          ]
C:\Users\Maria\Projects\TileArt\TileArt\TileGrid.cpp(186,62): warning C4244: 'argument': conversion from 'int' to 'T', possible loss of data
          with
          [
              T=float
          ]
C:\Users\Maria\Projects\TileArt\TileArt\TileGrid.cpp(212,8): warning C4244: 'initializing': conversion from 'T' to 'int', possible loss of data
          with
          [
              T=float
          ]
C:\Users\Maria\Projects\TileArt\TileArt\TileGrid.cpp(213,8): warning C4244: 'initializing': conversion from 'T' to 'int', possible loss of data
          with
          [
              T=float
          ]
C:\Users\Maria\Projects\TileArt\TileArt\TileGrid.cpp(223,49): warning C4244: 'argument': conversion from 'int' to 'T', possible loss of data
          with
          [
              T=float
          ]
C:\Users\Maria\Projects\TileArt\TileArt\TileGrid.cpp(223,42): warning C4244: 'argument': conversion from 'int' to 'T', possible loss of data
          with
          [
              T=float
          ]
C:\Users\Maria\Projects\TileArt\TileArt\TileGrid.cpp(224,57): warning C4244: 'argument': conversion from 'int' to 'T', possible loss of data
          with
          [
              T=float
          ]
C:\Users\Maria\Projects\TileArt\TileArt\TileGrid.cpp(224,50): warning C4244: 'argument': conversion from 'int' to 'T', possible loss of data
          with
          [
              T=float
          ]
C:\Users\Maria\Projects\TileArt\TileArt\TileGrid.cpp(225,61): warning C4244: 'argument': conversion from 'int' to 'T', possible loss of data
          with
          [
              T=float
          ]
C:\Users\Maria\Projects\TileArt\TileArt\TileGrid.cpp(225,50): warning C4244: 'argument': conversion from 'int' to 'T', possible loss of data
          with
          [
              T=float
          ]
C:\Users\Maria\Projects\TileArt\TileArt\TileGrid.cpp(226,57): warning C4244: 'argument': conversion from 'int' to 'T', possible loss of data
          with
          [
              T=float
          ]
C:\Users\Maria\Projects\TileArt\TileArt\TileGrid.cpp(226,46): warning C4244: 'argument': conversion from 'int' to 'T', possible loss of data
          with
          [
              T=float
          ]
  TileArt.vcxproj -> C:\Users\Maria\Projects\TileArt\Debug\TileArt.exe
