C:\Program Files (x86)\Microsoft Visual Studio\2019\Community\MSBuild\Microsoft\VC\v160\Microsoft.CppBuild.targets(467,5): warning MSB8028: The intermediate directory (Debug\) contains files shared from another project (TileEditor.vcxproj).  This can lead to incorrect clean and rebuild behavior.
  Button.cpp
  ButtonMenu.cpp
  GuiElement.cpp
  TileGridView.cpp
C:\Users\Maria\Projects\TileArt\TileEditor\TileGridView.h(4,10): warning C4067: unexpected tokens following preprocessor directive - expected a newline
  TileGrid.cpp
C:\Users\Maria\Projects\TileArt\TileEditor\TileGrid.cpp(3,109): warning C4244: 'argument': conversion from 'int' to 'float', possible loss of data
C:\Users\Maria\Projects\TileArt\TileEditor\TileGrid.cpp(3,99): warning C4244: 'argument': conversion from 'int' to 'float', possible loss of data
C:\Users\Maria\Projects\TileArt\TileEditor\TileGrid.cpp(10,58): warning C4244: 'argument': conversion from 'int' to 'T', possible loss of data
          with
          [
              T=float
          ]
C:\Users\Maria\Projects\TileArt\TileEditor\TileGrid.cpp(10,56): warning C4244: 'argument': conversion from 'int' to 'T', possible loss of data
          with
          [
              T=float
          ]
C:\Users\Maria\Projects\TileArt\TileEditor\TileGrid.cpp(11,59): warning C4244: 'argument': conversion from 'int' to 'T', possible loss of data
          with
          [
              T=float
          ]
C:\Users\Maria\Projects\TileArt\TileEditor\TileGrid.cpp(11,56): warning C4244: 'argument': conversion from 'int' to 'T', possible loss of data
          with
          [
              T=float
          ]
C:\Users\Maria\Projects\TileArt\TileEditor\TileGrid.cpp(87,47): warning C4244: '=': conversion from 'int' to 'float', possible loss of data
C:\Users\Maria\Projects\TileArt\TileEditor\TileGrid.cpp(88,47): warning C4244: '=': conversion from 'int' to 'float', possible loss of data
C:\Users\Maria\Projects\TileArt\TileEditor\TileGrid.cpp(104,38): warning C4244: 'argument': conversion from 'int' to 'T', possible loss of data
          with
          [
              T=float
          ]
C:\Users\Maria\Projects\TileArt\TileEditor\TileGrid.cpp(103,53): warning C4244: 'argument': conversion from 'int' to 'T', possible loss of data
          with
          [
              T=float
          ]
C:\Users\Maria\Projects\TileArt\TileEditor\TileGrid.cpp(162,65): warning C4244: 'argument': conversion from 'int' to 'T', possible loss of data
          with
          [
              T=float
          ]
C:\Users\Maria\Projects\TileArt\TileEditor\TileGrid.cpp(162,62): warning C4244: 'argument': conversion from 'int' to 'T', possible loss of data
          with
          [
              T=float
          ]
C:\Users\Maria\Projects\TileArt\TileEditor\TileGrid.cpp(188,65): warning C4244: 'argument': conversion from 'int' to 'T', possible loss of data
          with
          [
              T=float
          ]
C:\Users\Maria\Projects\TileArt\TileEditor\TileGrid.cpp(188,62): warning C4244: 'argument': conversion from 'int' to 'T', possible loss of data
          with
          [
              T=float
          ]
C:\Users\Maria\Projects\TileArt\TileEditor\TileGrid.cpp(214,8): warning C4244: 'initializing': conversion from 'T' to 'int', possible loss of data
          with
          [
              T=float
          ]
C:\Users\Maria\Projects\TileArt\TileEditor\TileGrid.cpp(215,8): warning C4244: 'initializing': conversion from 'T' to 'int', possible loss of data
          with
          [
              T=float
          ]
C:\Users\Maria\Projects\TileArt\TileEditor\TileGrid.cpp(225,49): warning C4244: 'argument': conversion from 'int' to 'T', possible loss of data
          with
          [
              T=float
          ]
C:\Users\Maria\Projects\TileArt\TileEditor\TileGrid.cpp(225,42): warning C4244: 'argument': conversion from 'int' to 'T', possible loss of data
          with
          [
              T=float
          ]
C:\Users\Maria\Projects\TileArt\TileEditor\TileGrid.cpp(226,57): warning C4244: 'argument': conversion from 'int' to 'T', possible loss of data
          with
          [
              T=float
          ]
C:\Users\Maria\Projects\TileArt\TileEditor\TileGrid.cpp(226,50): warning C4244: 'argument': conversion from 'int' to 'T', possible loss of data
          with
          [
              T=float
          ]
C:\Users\Maria\Projects\TileArt\TileEditor\TileGrid.cpp(227,61): warning C4244: 'argument': conversion from 'int' to 'T', possible loss of data
          with
          [
              T=float
          ]
C:\Users\Maria\Projects\TileArt\TileEditor\TileGrid.cpp(227,50): warning C4244: 'argument': conversion from 'int' to 'T', possible loss of data
          with
          [
              T=float
          ]
C:\Users\Maria\Projects\TileArt\TileEditor\TileGrid.cpp(228,57): warning C4244: 'argument': conversion from 'int' to 'T', possible loss of data
          with
          [
              T=float
          ]
C:\Users\Maria\Projects\TileArt\TileEditor\TileGrid.cpp(228,46): warning C4244: 'argument': conversion from 'int' to 'T', possible loss of data
          with
          [
              T=float
          ]
  TileMap.cpp
C:\Users\Maria\Projects\TileArt\TileEditor\TileMap.cpp(20,11): warning C4244: 'initializing': conversion from 'double' to 'int', possible loss of data
C:\Users\Maria\Projects\TileArt\TileEditor\TileMap.cpp(21,11): warning C4244: 'initializing': conversion from 'double' to 'int', possible loss of data
C:\Users\Maria\Projects\TileArt\TileEditor\TileMap.cpp(35,53): warning C4244: 'argument': conversion from 'int' to 'T', possible loss of data
          with
          [
              T=float
          ]
C:\Users\Maria\Projects\TileArt\TileEditor\TileMap.cpp(35,42): warning C4244: 'argument': conversion from 'int' to 'T', possible loss of data
          with
          [
              T=float
          ]
C:\Users\Maria\Projects\TileArt\TileEditor\TileMap.cpp(36,61): warning C4244: 'argument': conversion from 'int' to 'T', possible loss of data
          with
          [
              T=float
          ]
C:\Users\Maria\Projects\TileArt\TileEditor\TileMap.cpp(36,56): warning C4244: 'argument': conversion from 'int' to 'T', possible loss of data
          with
          [
              T=float
          ]
C:\Users\Maria\Projects\TileArt\TileEditor\TileMap.cpp(37,71): warning C4244: 'argument': conversion from 'int' to 'T', possible loss of data
          with
          [
              T=float
          ]
C:\Users\Maria\Projects\TileArt\TileEditor\TileMap.cpp(37,56): warning C4244: 'argument': conversion from 'int' to 'T', possible loss of data
          with
          [
              T=float
          ]
C:\Users\Maria\Projects\TileArt\TileEditor\TileMap.cpp(38,67): warning C4244: 'argument': conversion from 'int' to 'T', possible loss of data
          with
          [
              T=float
          ]
C:\Users\Maria\Projects\TileArt\TileEditor\TileMap.cpp(38,46): warning C4244: 'argument': conversion from 'int' to 'T', possible loss of data
          with
          [
              T=float
          ]
C:\Users\Maria\Projects\TileArt\TileEditor\TileMap.cpp(53,32): warning C4018: '<': signed/unsigned mismatch
C:\Users\Maria\Projects\TileArt\TileEditor\TileMap.cpp(54,36): warning C4018: '<': signed/unsigned mismatch
C:\Users\Maria\Projects\TileArt\TileEditor\TileMap.cpp(55,58): warning C4244: 'argument': conversion from 'unsigned int' to 'T', possible loss of data
          with
          [
              T=float
          ]
C:\Users\Maria\Projects\TileArt\TileEditor\TileMap.cpp(55,51): warning C4244: 'argument': conversion from 'unsigned int' to 'T', possible loss of data
          with
          [
              T=float
          ]
C:\Users\Maria\Projects\TileArt\TileEditor\TileMap.cpp(56,66): warning C4244: 'argument': conversion from 'unsigned int' to 'T', possible loss of data
          with
          [
              T=float
          ]
C:\Users\Maria\Projects\TileArt\TileEditor\TileMap.cpp(56,59): warning C4244: 'argument': conversion from 'unsigned int' to 'T', possible loss of data
          with
          [
              T=float
          ]
C:\Users\Maria\Projects\TileArt\TileEditor\TileMap.cpp(57,70): warning C4244: 'argument': conversion from 'unsigned int' to 'T', possible loss of data
          with
          [
              T=float
          ]
C:\Users\Maria\Projects\TileArt\TileEditor\TileMap.cpp(57,59): warning C4244: 'argument': conversion from 'unsigned int' to 'T', possible loss of data
          with
          [
              T=float
          ]
C:\Users\Maria\Projects\TileArt\TileEditor\TileMap.cpp(58,66): warning C4244: 'argument': conversion from 'unsigned int' to 'T', possible loss of data
          with
          [
              T=float
          ]
C:\Users\Maria\Projects\TileArt\TileEditor\TileMap.cpp(58,55): warning C4244: 'argument': conversion from 'unsigned int' to 'T', possible loss of data
          with
          [
              T=float
          ]
  TileEditorGui.cpp
C:\Users\Maria\Projects\TileArt\TileEditor\TileGridView.h(4,10): warning C4067: unexpected tokens following preprocessor directive - expected a newline
C:\Users\Maria\Projects\TileArt\TileEditor\TileEditorGui.cpp(7,27): warning C4244: '=': conversion from 'double' to 'float', possible loss of data
C:\Users\Maria\Projects\TileArt\TileEditor\TileEditorGui.cpp(54,46): warning C4244: 'argument': conversion from 'int' to 'T', possible loss of data
          with
          [
              T=float
          ]
C:\Users\Maria\Projects\TileArt\TileEditor\TileEditorGui.cpp(54,38): warning C4244: 'argument': conversion from 'int' to 'T', possible loss of data
          with
          [
              T=float
          ]
C:\Users\Maria\Projects\TileArt\TileEditor\TileEditorGui.cpp(57,46): warning C4244: 'argument': conversion from 'int' to 'T', possible loss of data
          with
          [
              T=float
          ]
C:\Users\Maria\Projects\TileArt\TileEditor\TileEditorGui.cpp(57,38): warning C4244: 'argument': conversion from 'int' to 'T', possible loss of data
          with
          [
              T=float
          ]
C:\Users\Maria\Projects\TileArt\TileEditor\TileEditorGui.cpp(68,55): warning C4244: 'argument': conversion from 'unsigned int' to 'T', possible loss of data
          with
          [
              T=float
          ]
C:\Users\Maria\Projects\TileArt\TileEditor\TileEditorGui.cpp(68,37): warning C4244: 'argument': conversion from 'unsigned int' to 'T', possible loss of data
          with
          [
              T=float
          ]
  main.cpp
C:\Users\Maria\Projects\TileArt\TileEditor\TileGridView.h(4,10): warning C4067: unexpected tokens following preprocessor directive - expected a newline
C:\Users\Maria\Projects\TileArt\TileEditor\main.cpp(18,29): warning C4244: 'initializing': conversion from 'double' to 'float', possible loss of data
C:\Users\Maria\Projects\TileArt\TileEditor\main.cpp(18,24): warning C4244: 'initializing': conversion from 'double' to 'const float', possible loss of data
C:\Users\Maria\Projects\TileArt\TileEditor\main.cpp(19,30): warning C4244: 'initializing': conversion from 'double' to 'float', possible loss of data
C:\Users\Maria\Projects\TileArt\TileEditor\main.cpp(19,25): warning C4244: 'initializing': conversion from 'double' to 'const float', possible loss of data
C:\Users\Maria\Projects\TileArt\TileEditor\main.cpp(20,31): warning C4244: 'initializing': conversion from 'double' to 'float', possible loss of data
C:\Users\Maria\Projects\TileArt\TileEditor\main.cpp(20,25): warning C4244: 'initializing': conversion from 'double' to 'const float', possible loss of data
C:\Users\Maria\Projects\TileArt\TileEditor\main.cpp(21,36): warning C4244: 'initializing': conversion from 'double' to 'float', possible loss of data
C:\Users\Maria\Projects\TileArt\TileEditor\main.cpp(21,30): warning C4244: 'initializing': conversion from 'double' to 'const float', possible loss of data
C:\Users\Maria\Projects\TileArt\TileEditor\main.cpp(55,54): warning C4244: 'argument': conversion from 'const float' to 'unsigned int', possible loss of data
C:\Users\Maria\Projects\TileArt\TileEditor\main.cpp(55,43): warning C4244: 'argument': conversion from 'const float' to 'unsigned int', possible loss of data
C:\Users\Maria\Projects\TileArt\TileEditor\main.cpp(75,87): warning C4244: 'argument': conversion from 'T' to 'T', possible loss of data
          with
          [
              T=unsigned int
          ]
          and
          [
              T=float
          ]
C:\Users\Maria\Projects\TileArt\TileEditor\main.cpp(75,67): warning C4244: 'argument': conversion from 'T' to 'T', possible loss of data
          with
          [
              T=unsigned int
          ]
          and
          [
              T=float
          ]
C:\Users\Maria\Projects\TileArt\TileEditor\main.cpp(76,69): warning C4244: 'argument': conversion from 'T' to 'T', possible loss of data
          with
          [
              T=unsigned int
          ]
          and
          [
              T=float
          ]
C:\Users\Maria\Projects\TileArt\TileEditor\main.cpp(76,49): warning C4244: 'argument': conversion from 'T' to 'T', possible loss of data
          with
          [
              T=unsigned int
          ]
          and
          [
              T=float
          ]
  TilePicker.cpp
C:\Users\Maria\Projects\TileArt\TileEditor\TilePicker.cpp(11,46): warning C4244: 'argument': conversion from 'int' to 'T', possible loss of data
          with
          [
              T=float
          ]
C:\Users\Maria\Projects\TileArt\TileEditor\TilePicker.cpp(11,44): warning C4244: 'argument': conversion from 'int' to 'T', possible loss of data
          with
          [
              T=float
          ]
  ViewLayout.cpp
C:\Users\Maria\Projects\TileArt\TileEditor\TileGridView.h(4,10): warning C4067: unexpected tokens following preprocessor directive - expected a newline
  Generating Code...
  TileEditor.vcxproj -> C:\Users\Maria\Projects\TileArt\Debug\TileArt.exe
